<?xml version="1.0" encoding="UTF-8"?>
<testng-results ignored="0" total="1" passed="1" failed="0" skipped="0">
  <reporter-output>
  </reporter-output>
  <suite started-at="2022-10-13T21:56:00 IST" name="Default suite" finished-at="2022-10-13T21:56:38 IST" duration-ms="38724">
    <groups>
    </groups>
    <test started-at="2022-10-13T21:56:00 IST" name="Default test" finished-at="2022-10-13T21:56:38 IST" duration-ms="38724">
      <class name="com.testing.LoginTest">
        <test-method is-config="true" signature="beforeMethod()[pri:0, instance:com.testing.LoginTest@4d9e68d0]" started-at="2022-10-13T21:56:00 IST" name="beforeMethod" finished-at="2022-10-13T21:56:25 IST" duration-ms="25507" status="PASS">
          <reporter-output>
          </reporter-output>
        </test-method> <!-- beforeMethod -->
        <test-method signature="user()[pri:0, instance:com.testing.LoginTest@4d9e68d0]" started-at="2022-10-13T21:56:25 IST" name="user" finished-at="2022-10-13T21:56:38 IST" duration-ms="13148" status="PASS">
          <reporter-output>
          </reporter-output>
        </test-method> <!-- user -->
        <test-method is-config="true" signature="afterMethod()[pri:0, instance:com.testing.LoginTest@4d9e68d0]" started-at="2022-10-13T21:56:38 IST" name="afterMethod" finished-at="2022-10-13T21:56:38 IST" duration-ms="0" status="PASS">
          <reporter-output>
          </reporter-output>
        </test-method> <!-- afterMethod -->
      </class> <!-- com.testing.LoginTest -->
    </test> <!-- Default test -->
  </suite> <!-- Default suite -->
</testng-results>
