<?xml version="1.0" encoding="UTF-8"?>
<testng-results ignored="0" total="1" passed="1" failed="0" skipped="0">
  <reporter-output>
  </reporter-output>
  <suite started-at="2022-10-11T12:03:19 IST" name="Default suite" finished-at="2022-10-11T12:04:25 IST" duration-ms="65936">
    <groups>
    </groups>
    <test started-at="2022-10-11T12:03:19 IST" name="Default test" finished-at="2022-10-11T12:04:25 IST" duration-ms="65936">
      <class name="com.testing.FlipkartAutoTest">
        <test-method is-config="true" signature="beforeMethod()[pri:0, instance:com.testing.FlipkartAutoTest@62150f9e]" started-at="2022-10-11T12:03:19 IST" name="beforeMethod" finished-at="2022-10-11T12:03:26 IST" duration-ms="7024" status="PASS">
          <reporter-output>
          </reporter-output>
        </test-method> <!-- beforeMethod -->
        <test-method signature="flipkart()[pri:0, instance:com.testing.FlipkartAutoTest@62150f9e]" started-at="2022-10-11T12:03:26 IST" name="flipkart" finished-at="2022-10-11T12:04:25 IST" duration-ms="58874" status="PASS">
          <reporter-output>
          </reporter-output>
        </test-method> <!-- flipkart -->
        <test-method is-config="true" signature="afterMethod()[pri:0, instance:com.testing.FlipkartAutoTest@62150f9e]" started-at="2022-10-11T12:04:25 IST" name="afterMethod" finished-at="2022-10-11T12:04:25 IST" duration-ms="1" status="PASS">
          <reporter-output>
          </reporter-output>
        </test-method> <!-- afterMethod -->
      </class> <!-- com.testing.FlipkartAutoTest -->
    </test> <!-- Default test -->
  </suite> <!-- Default suite -->
</testng-results>
